<?xml version="1.0" encoding="UTF-8"?>
<testng-results skipped="0" failed="1" ignored="0" total="1" passed="0">
  <reporter-output>
  </reporter-output>
  <suite name="Default suite" duration-ms="554" started-at="2022-07-08T11:44:51 IST" finished-at="2022-07-08T11:44:52 IST">
    <groups>
      <group name="cucumber">
        <method signature="AbstractTestNGCucumberTests.runScenario(io.cucumber.testng.PickleWrapper,io.cucumber.testng.FeatureWrapper)[pri:0, instance:tech.walkingtree.Appium.runner.TestRunner@78ac1102]" name="runScenario" class="io.cucumber.testng.AbstractTestNGCucumberTests"/>
      </group> <!-- cucumber -->
    </groups>
    <test name="Default test" duration-ms="554" started-at="2022-07-08T11:44:51 IST" finished-at="2022-07-08T11:44:52 IST">
      <class name="tech.walkingtree.Appium.runner.TestRunner">
        <test-method status="PASS" signature="BeforeSuite()[pri:0, instance:tech.walkingtree.Appium.runner.TestRunner@78ac1102]" name="BeforeSuite" is-config="true" duration-ms="13" started-at="2022-07-08T11:44:51 IST" finished-at="2022-07-08T11:44:51 IST">
          <reporter-output>
          </reporter-output>
        </test-method> <!-- BeforeSuite -->
        <test-method status="PASS" signature="BeforeTest()[pri:0, instance:tech.walkingtree.Appium.runner.TestRunner@78ac1102]" name="BeforeTest" is-config="true" duration-ms="0" started-at="2022-07-08T11:44:51 IST" finished-at="2022-07-08T11:44:51 IST">
          <reporter-output>
          </reporter-output>
        </test-method> <!-- BeforeTest -->
        <test-method status="PASS" signature="setUpClass()[pri:0, instance:tech.walkingtree.Appium.runner.TestRunner@78ac1102]" name="setUpClass" is-config="true" duration-ms="282" started-at="2022-07-08T11:44:51 IST" finished-at="2022-07-08T11:44:52 IST">
          <reporter-output>
          </reporter-output>
        </test-method> <!-- setUpClass -->
        <test-method status="PASS" signature="BeforeClass()[pri:0, instance:tech.walkingtree.Appium.runner.TestRunner@78ac1102]" name="BeforeClass" is-config="true" duration-ms="0" started-at="2022-07-08T11:44:52 IST" finished-at="2022-07-08T11:44:52 IST">
          <reporter-output>
          </reporter-output>
        </test-method> <!-- BeforeClass -->
        <test-method status="PASS" signature="BeforeMethod()[pri:0, instance:tech.walkingtree.Appium.runner.TestRunner@78ac1102]" name="BeforeMethod" is-config="true" duration-ms="1" started-at="2022-07-08T11:44:52 IST" finished-at="2022-07-08T11:44:52 IST">
          <reporter-output>
          </reporter-output>
        </test-method> <!-- BeforeMethod -->
        <test-method status="FAIL" signature="runScenario(io.cucumber.testng.PickleWrapper,io.cucumber.testng.FeatureWrapper)[pri:0, instance:tech.walkingtree.Appium.runner.TestRunner@78ac1102]" name="runScenario" duration-ms="195" started-at="2022-07-08T11:44:52 IST" description="Runs Cucumber Scenarios" data-provider="scenarios" finished-at="2022-07-08T11:44:52 IST">
          <params>
            <param index="0">
              <value>
                <![CDATA["run demo feature"]]>
              </value>
            </param>
            <param index="1">
              <value>
                <![CDATA["Optional[run normal script]"]]>
              </value>
            </param>
          </params>
          <exception class="io.cucumber.testng.UndefinedStepException">
            <message>
              <![CDATA[The step 'user login' and 3 other step(s) are undefined.
You can implement these steps using the snippet(s) below:

@Given("user login")
public void user_login() {
    // Write code here that turns the phrase above into concrete actions
    throw new io.cucumber.java.PendingException();
}
@When("input valid credential")
public void input_valid_credential() {
    // Write code here that turns the phrase above into concrete actions
    throw new io.cucumber.java.PendingException();
}
@Then("verify the HomePage")
public void verify_the_home_page() {
    // Write code here that turns the phrase above into concrete actions
    throw new io.cucumber.java.PendingException();
}
@Then("user Logout")
public void user_logout() {
    // Write code here that turns the phrase above into concrete actions
    throw new io.cucumber.java.PendingException();
}
]]>
            </message>
            <full-stacktrace>
              <![CDATA[io.cucumber.testng.UndefinedStepException: The step 'user login' and 3 other step(s) are undefined.
You can implement these steps using the snippet(s) below:

@Given("user login")
public void user_login() {
    // Write code here that turns the phrase above into concrete actions
    throw new io.cucumber.java.PendingException();
}
@When("input valid credential")
public void input_valid_credential() {
    // Write code here that turns the phrase above into concrete actions
    throw new io.cucumber.java.PendingException();
}
@Then("verify the HomePage")
public void verify_the_home_page() {
    // Write code here that turns the phrase above into concrete actions
    throw new io.cucumber.java.PendingException();
}
@Then("user Logout")
public void user_logout() {
    // Write code here that turns the phrase above into concrete actions
    throw new io.cucumber.java.PendingException();
}

at io.cucumber.core.runtime.TestCaseResultObserver.assertTestCasePassed(TestCaseResultObserver.java:69)
at io.cucumber.testng.TestCaseResultObserver.assertTestCasePassed(TestCaseResultObserver.java:23)
at io.cucumber.testng.TestNGCucumberRunner.lambda$runScenario$0(TestNGCucumberRunner.java:118)
at io.cucumber.core.runtime.CucumberExecutionContext.runTestCase(CucumberExecutionContext.java:117)
at io.cucumber.testng.TestNGCucumberRunner.runScenario(TestNGCucumberRunner.java:114)
at io.cucumber.testng.AbstractTestNGCucumberTests.runScenario(AbstractTestNGCucumberTests.java:31)
at sun.reflect.NativeMethodAccessorImpl.invoke0(Native Method)
at sun.reflect.NativeMethodAccessorImpl.invoke(NativeMethodAccessorImpl.java:62)
at sun.reflect.DelegatingMethodAccessorImpl.invoke(DelegatingMethodAccessorImpl.java:43)
at java.lang.reflect.Method.invoke(Method.java:498)
at org.testng.internal.MethodInvocationHelper.invokeMethod(MethodInvocationHelper.java:133)
at org.testng.internal.TestInvoker.invokeMethod(TestInvoker.java:598)
at org.testng.internal.TestInvoker.invokeTestMethod(TestInvoker.java:173)
at org.testng.internal.MethodRunner.runInSequence(MethodRunner.java:46)
at org.testng.internal.TestInvoker$MethodInvocationAgent.invoke(TestInvoker.java:824)
at org.testng.internal.TestInvoker.invokeTestMethods(TestInvoker.java:146)
at org.testng.internal.TestMethodWorker.invokeTestMethods(TestMethodWorker.java:146)
at org.testng.internal.TestMethodWorker.run(TestMethodWorker.java:128)
at java.util.ArrayList.forEach(ArrayList.java:1259)
at org.testng.TestRunner.privateRun(TestRunner.java:794)
at org.testng.TestRunner.run(TestRunner.java:596)
at org.testng.SuiteRunner.runTest(SuiteRunner.java:377)
at org.testng.SuiteRunner.runSequentially(SuiteRunner.java:371)
at org.testng.SuiteRunner.privateRun(SuiteRunner.java:332)
at org.testng.SuiteRunner.run(SuiteRunner.java:276)
at org.testng.SuiteRunnerWorker.runSuite(SuiteRunnerWorker.java:53)
at org.testng.SuiteRunnerWorker.run(SuiteRunnerWorker.java:96)
at org.testng.TestNG.runSuitesSequentially(TestNG.java:1212)
at org.testng.TestNG.runSuitesLocally(TestNG.java:1134)
at org.testng.TestNG.runSuites(TestNG.java:1063)
at org.testng.TestNG.run(TestNG.java:1031)
at org.testng.remote.AbstractRemoteTestNG.run(AbstractRemoteTestNG.java:115)
at org.testng.remote.RemoteTestNG.initAndRun(RemoteTestNG.java:251)
at org.testng.remote.RemoteTestNG.main(RemoteTestNG.java:77)
]]>
            </full-stacktrace>
          </exception> <!-- io.cucumber.testng.UndefinedStepException -->
          <reporter-output>
          </reporter-output>
        </test-method> <!-- runScenario -->
        <test-method status="PASS" signature="AfterMethod()[pri:0, instance:tech.walkingtree.Appium.runner.TestRunner@78ac1102]" name="AfterMethod" is-config="true" duration-ms="1" started-at="2022-07-08T11:44:52 IST" finished-at="2022-07-08T11:44:52 IST">
          <reporter-output>
          </reporter-output>
        </test-method> <!-- AfterMethod -->
        <test-method status="PASS" signature="AfterClass()[pri:0, instance:tech.walkingtree.Appium.runner.TestRunner@78ac1102]" name="AfterClass" is-config="true" duration-ms="0" started-at="2022-07-08T11:44:52 IST" finished-at="2022-07-08T11:44:52 IST">
          <reporter-output>
          </reporter-output>
        </test-method> <!-- AfterClass -->
        <test-method status="PASS" signature="tearDownClass()[pri:0, instance:tech.walkingtree.Appium.runner.TestRunner@78ac1102]" name="tearDownClass" is-config="true" duration-ms="10" started-at="2022-07-08T11:44:52 IST" finished-at="2022-07-08T11:44:52 IST">
          <reporter-output>
          </reporter-output>
        </test-method> <!-- tearDownClass -->
        <test-method status="PASS" signature="AfterTest()[pri:0, instance:tech.walkingtree.Appium.runner.TestRunner@78ac1102]" name="AfterTest" is-config="true" duration-ms="1" started-at="2022-07-08T11:44:52 IST" finished-at="2022-07-08T11:44:52 IST">
          <reporter-output>
          </reporter-output>
        </test-method> <!-- AfterTest -->
        <test-method status="PASS" signature="AfterSuite()[pri:0, instance:tech.walkingtree.Appium.runner.TestRunner@78ac1102]" name="AfterSuite" is-config="true" duration-ms="0" started-at="2022-07-08T11:44:52 IST" finished-at="2022-07-08T11:44:52 IST">
          <reporter-output>
          </reporter-output>
        </test-method> <!-- AfterSuite -->
      </class> <!-- tech.walkingtree.Appium.runner.TestRunner -->
    </test> <!-- Default test -->
  </suite> <!-- Default suite -->
</testng-results>
