<?xml version="1.0" encoding="UTF-8"?>
<testng-results skipped="0" failed="0" ignored="0" total="3" passed="3">
  <reporter-output>
  </reporter-output>
  <suite name="Default suite" duration-ms="12962" started-at="2022-07-13T15:34:15 IST" finished-at="2022-07-13T15:34:28 IST">
    <groups>
      <group name="cucumber">
        <method signature="AbstractTestNGCucumberTests.runScenario(io.cucumber.testng.PickleWrapper,io.cucumber.testng.FeatureWrapper)[pri:0, instance:tech.walkingtree.Appium.runner.TestRunner@50de0926]" name="runScenario" class="io.cucumber.testng.AbstractTestNGCucumberTests"/>
      </group> <!-- cucumber -->
    </groups>
    <test name="Default test" duration-ms="12962" started-at="2022-07-13T15:34:15 IST" finished-at="2022-07-13T15:34:28 IST">
      <class name="tech.walkingtree.Appium.runner.TestRunner">
        <test-method status="PASS" signature="BeforeSuite()[pri:0, instance:tech.walkingtree.Appium.runner.TestRunner@50de0926]" name="BeforeSuite" is-config="true" duration-ms="7044" started-at="2022-07-13T15:34:08 IST" finished-at="2022-07-13T15:34:15 IST">
          <reporter-output>
          </reporter-output>
        </test-method> <!-- BeforeSuite -->
        <test-method status="PASS" signature="setUpClass()[pri:0, instance:tech.walkingtree.Appium.runner.TestRunner@50de0926]" name="setUpClass" is-config="true" duration-ms="297" started-at="2022-07-13T15:34:15 IST" finished-at="2022-07-13T15:34:15 IST">
          <reporter-output>
          </reporter-output>
        </test-method> <!-- setUpClass -->
        <test-method status="PASS" signature="runScenario(io.cucumber.testng.PickleWrapper,io.cucumber.testng.FeatureWrapper)[pri:0, instance:tech.walkingtree.Appium.runner.TestRunner@50de0926]" name="runScenario" duration-ms="3049" started-at="2022-07-13T15:34:15 IST" description="Runs Cucumber Scenarios" data-provider="scenarios" finished-at="2022-07-13T15:34:18 IST">
          <params>
            <param index="0">
              <value>
                <![CDATA["Add two numbers"]]>
              </value>
            </param>
            <param index="1">
              <value>
                <![CDATA["Optional[Calculator]"]]>
              </value>
            </param>
          </params>
          <reporter-output>
          </reporter-output>
        </test-method> <!-- runScenario -->
        <test-method status="PASS" signature="runScenario(io.cucumber.testng.PickleWrapper,io.cucumber.testng.FeatureWrapper)[pri:0, instance:tech.walkingtree.Appium.runner.TestRunner@50de0926]" name="runScenario" duration-ms="3935" started-at="2022-07-13T15:34:18 IST" description="Runs Cucumber Scenarios" data-provider="scenarios" finished-at="2022-07-13T15:34:22 IST">
          <params>
            <param index="0">
              <value>
                <![CDATA["Add two numbers"]]>
              </value>
            </param>
            <param index="1">
              <value>
                <![CDATA["Optional[Calculator]"]]>
              </value>
            </param>
          </params>
          <reporter-output>
          </reporter-output>
        </test-method> <!-- runScenario -->
        <test-method status="PASS" signature="runScenario(io.cucumber.testng.PickleWrapper,io.cucumber.testng.FeatureWrapper)[pri:0, instance:tech.walkingtree.Appium.runner.TestRunner@50de0926]" name="runScenario" duration-ms="5640" started-at="2022-07-13T15:34:22 IST" description="Runs Cucumber Scenarios" data-provider="scenarios" finished-at="2022-07-13T15:34:28 IST">
          <params>
            <param index="0">
              <value>
                <![CDATA["Add two numbers"]]>
              </value>
            </param>
            <param index="1">
              <value>
                <![CDATA["Optional[Calculator]"]]>
              </value>
            </param>
          </params>
          <reporter-output>
          </reporter-output>
        </test-method> <!-- runScenario -->
        <test-method status="PASS" signature="tearDownClass()[pri:0, instance:tech.walkingtree.Appium.runner.TestRunner@50de0926]" name="tearDownClass" is-config="true" duration-ms="8" started-at="2022-07-13T15:34:28 IST" finished-at="2022-07-13T15:34:28 IST">
          <reporter-output>
          </reporter-output>
        </test-method> <!-- tearDownClass -->
        <test-method status="PASS" signature="AfterSuite()[pri:0, instance:tech.walkingtree.Appium.runner.TestRunner@50de0926]" name="AfterSuite" is-config="true" duration-ms="402" started-at="2022-07-13T15:34:28 IST" finished-at="2022-07-13T15:34:28 IST">
          <reporter-output>
          </reporter-output>
        </test-method> <!-- AfterSuite -->
      </class> <!-- tech.walkingtree.Appium.runner.TestRunner -->
    </test> <!-- Default test -->
  </suite> <!-- Default suite -->
</testng-results>
